BaiduNvi/app/build/outputs/logs/manifest-merger-debug-report.txt
-- Merging decision tree log ---
manifest
ADDED from src\main\AndroidManifest.xml:2:1-126:12
	package
		ADDED from src\main\AndroidManifest.xml:3:5-33
		INJECTED from src\main\AndroidManifest.xml
		INJECTED from src\main\AndroidManifest.xml
	android:versionName
		ADDED from src\main\AndroidManifest.xml:5:5-43
		INJECTED from src\main\AndroidManifest.xml
		INJECTED from src\main\AndroidManifest.xml
	android:versionCode
		ADDED from src\main\AndroidManifest.xml:4:5-28
		INJECTED from src\main\AndroidManifest.xml
		INJECTED from src\main\AndroidManifest.xml
	xmlns:android
		ADDED from src\main\AndroidManifest.xml:2:11-69
uses-sdk
ADDED from src\main\AndroidManifest.xml:7:5-9:41
	android:targetSdkVersion
		ADDED from src\main\AndroidManifest.xml:9:9-38
		INJECTED from src\main\AndroidManifest.xml
		INJECTED from src\main\AndroidManifest.xml
	android:minSdkVersion
		ADDED from src\main\AndroidManifest.xml:8:9-35
		INJECTED from src\main\AndroidManifest.xml
		INJECTED from src\main\AndroidManifest.xml
uses-permission#android.permission.ACCESS_COARSE_LOCATION
ADDED from src\main\AndroidManifest.xml:11:5-81
	android:name
		ADDED from src\main\AndroidManifest.xml:11:22-78
uses-permission#android.permission.ACCESS_FINE_LOCATION
ADDED from src\main\AndroidManifest.xml:12:5-79
	android:name
		ADDED from src\main\AndroidManifest.xml:12:22-76
uses-permission#android.permission.ACCESS_GPS
ADDED from src\main\AndroidManifest.xml:13:5-69
	android:name
		ADDED from src\main\AndroidManifest.xml:13:22-66
uses-permission#android.permission.ACCESS_MOCK_LOCATION
ADDED from src\main\AndroidManifest.xml:14:5-79
	android:name
		ADDED from src\main\AndroidManifest.xml:14:22-76
uses-permission#android.permission.ACCESS_NETWORK_STATE
ADDED from src\main\AndroidManifest.xml:15:5-79
	android:name
		ADDED from src\main\AndroidManifest.xml:15:22-76
uses-permission#android.permission.ACCESS_WIFI_STATE
ADDED from src\main\AndroidManifest.xml:16:5-76
	android:name
		ADDED from src\main\AndroidManifest.xml:16:22-73
uses-permission#android.permission.BAIDU_LOCATION_SERVICE
ADDED from src\main\AndroidManifest.xml:17:5-81
	android:name
		ADDED from src\main\AndroidManifest.xml:17:22-78
uses-permission#android.permission.BLUETOOTH
ADDED from src\main\AndroidManifest.xml:18:5-68
	android:name
		ADDED from src\main\AndroidManifest.xml:18:22-65
uses-permission#android.permission.BROADCAST_STICKY
ADDED from src\main\AndroidManifest.xml:19:5-75
	android:name
		ADDED from src\main\AndroidManifest.xml:19:22-72
uses-permission#android.permission.CALL_PHONE
ADDED from src\main\AndroidManifest.xml:20:5-69
	android:name
		ADDED from src\main\AndroidManifest.xml:20:22-66
uses-permission#android.permission.CAMERA
ADDED from src\main\AndroidManifest.xml:21:5-65
	android:name
		ADDED from src\main\AndroidManifest.xml:21:22-62
uses-permission#android.permission.CHANGE_NETWORK_STATE
ADDED from src\main\AndroidManifest.xml:22:5-79
	android:name
		ADDED from src\main\AndroidManifest.xml:22:22-76
uses-permission#android.permission.CHANGE_WIFI_STATE
ADDED from src\main\AndroidManifest.xml:23:5-76
	android:name
		ADDED from src\main\AndroidManifest.xml:23:22-73
uses-permission#android.permission.DISABLE_KEYGUARD
ADDED from src\main\AndroidManifest.xml:24:5-75
	android:name
		ADDED from src\main\AndroidManifest.xml:24:22-72
uses-permission#android.permission.INTERNET
ADDED from src\main\AndroidManifest.xml:25:5-67
	android:name
		ADDED from src\main\AndroidManifest.xml:25:22-64
uses-permission#android.permission.KILL_BACKGROUND_PROCESSES
ADDED from src\main\AndroidManifest.xml:26:5-84
	android:name
		ADDED from src\main\AndroidManifest.xml:26:22-81
uses-permission#android.permission.MODIFY_AUDIO_SETTINGS
ADDED from src\main\AndroidManifest.xml:27:5-80
	android:name
		ADDED from src\main\AndroidManifest.xml:27:22-77
uses-permission#android.permission.MOUNT_UNMOUNT_FILESYSTEMS
ADDED from src\main\AndroidManifest.xml:28:5-84
	android:name
		ADDED from src\main\AndroidManifest.xml:28:22-81
uses-permission#android.permission.NFC
ADDED from src\main\AndroidManifest.xml:29:5-62
	android:name
		ADDED from src\main\AndroidManifest.xml:29:22-59
uses-permission#android.permission.PROCESS_OUTGOING_CALLS
ADDED from src\main\AndroidManifest.xml:30:5-81
	android:name
		ADDED from src\main\AndroidManifest.xml:30:22-78
uses-permission#android.permission.READ_CONTACTS
ADDED from src\main\AndroidManifest.xml:31:5-72
	android:name
		ADDED from src\main\AndroidManifest.xml:31:22-69
uses-permission#android.permission.READ_EXTERNAL_STORAGE
ADDED from src\main\AndroidManifest.xml:32:5-80
	android:name
		ADDED from src\main\AndroidManifest.xml:32:22-77
uses-permission#android.permission.READ_PHONE_STATE
ADDED from src\main\AndroidManifest.xml:33:5-75
	android:name
		ADDED from src\main\AndroidManifest.xml:33:22-72
uses-permission#android.permission.READ_SMS
ADDED from src\main\AndroidManifest.xml:34:5-67
	android:name
		ADDED from src\main\AndroidManifest.xml:34:22-64
uses-permission#android.permission.RECEIVE_BOOT_COMPLETED
ADDED from src\main\AndroidManifest.xml:35:5-81
	android:name
		ADDED from src\main\AndroidManifest.xml:35:22-78
uses-permission#android.permission.RECORD_AUDIO
ADDED from src\main\AndroidManifest.xml:36:5-71
	android:name
		ADDED from src\main\AndroidManifest.xml:36:22-68
uses-permission#android.permission.SEND_SMS
ADDED from src\main\AndroidManifest.xml:37:5-67
	android:name
		ADDED from src\main\AndroidManifest.xml:37:22-64
uses-permission#android.permission.SYSTEM_ALERT_WINDOW
ADDED from src\main\AndroidManifest.xml:38:5-78
	android:name
		ADDED from src\main\AndroidManifest.xml:38:22-75
uses-permission#android.permission.WRITE_EXTERNAL_STORAGE
ADDED from src\main\AndroidManifest.xml:39:5-81
	android:name
		ADDED from src\main\AndroidManifest.xml:39:22-78
uses-permission#android.permission.WRITE_SETTINGS
ADDED from src\main\AndroidManifest.xml:41:5-73
	android:name
		ADDED from src\main\AndroidManifest.xml:41:22-70
uses-permission#android.permission.WAKE_LOCK
ADDED from src\main\AndroidManifest.xml:43:5-68
	android:name
		ADDED from src\main\AndroidManifest.xml:43:22-65
uses-permission#com.android.launcher.permission.INSTALL_SHORTCUT
ADDED from src\main\AndroidManifest.xml:46:5-88
	android:name
		ADDED from src\main\AndroidManifest.xml:46:22-85
uses-permission#com.android.launcher.permission.READ_SETTINGS
ADDED from src\main\AndroidManifest.xml:47:5-85
	android:name
		ADDED from src\main\AndroidManifest.xml:47:22-82
application
ADDED from src\main\AndroidManifest.xml:49:5-124:19
	android:label
		ADDED from src\main\AndroidManifest.xml:53:9-41
	android:allowBackup
		ADDED from src\main\AndroidManifest.xml:51:9-35
	android:icon
		ADDED from src\main\AndroidManifest.xml:52:9-45
	android:theme
		ADDED from src\main\AndroidManifest.xml:54:9-56
	android:name
		ADDED from src\main\AndroidManifest.xml:50:9-56
meta-data#com.baidu.lbsapi.API_KEY
ADDED from src\main\AndroidManifest.xml:55:9-58:15
	android:value
		ADDED from src\main\AndroidManifest.xml:57:13-61
	android:name
		ADDED from src\main\AndroidManifest.xml:56:13-52
meta-data#IFLYTEK_APPKEY
ADDED from src\main\AndroidManifest.xml:61:9-63:40
	android:value
		ADDED from src\main\AndroidManifest.xml:63:13-37
	android:name
		ADDED from src\main\AndroidManifest.xml:62:13-42
meta-data#IFLYTEK_CHANNEL
ADDED from src\main\AndroidManifest.xml:64:9-66:44
	android:value
		ADDED from src\main\AndroidManifest.xml:66:13-41
	android:name
		ADDED from src\main\AndroidManifest.xml:65:13-43
activity#com.xctx.baidunavi.ui.activity.MainActivity
ADDED from src\main\AndroidManifest.xml:68:9-79:20
	android:screenOrientation
		ADDED from src\main\AndroidManifest.xml:72:13-50
	android:label
		ADDED from src\main\AndroidManifest.xml:71:13-45
	android:exported
		ADDED from src\main\AndroidManifest.xml:70:13-36
	android:theme
		ADDED from src\main\AndroidManifest.xml:73:13-55
	android:name
		ADDED from src\main\AndroidManifest.xml:69:13-71
intent-filter#android.intent.action.MAIN+android.intent.category.LAUNCHER
ADDED from src\main\AndroidManifest.xml:74:13-78:29
action#android.intent.action.MAIN
ADDED from src\main\AndroidManifest.xml:75:17-69
	android:name
		ADDED from src\main\AndroidManifest.xml:75:25-66
category#android.intent.category.LAUNCHER
ADDED from src\main\AndroidManifest.xml:77:17-77
	android:name
		ADDED from src\main\AndroidManifest.xml:77:27-74
activity#com.xctx.baidunavi.ui.activity.BNavigatorActivity
ADDED from src\main\AndroidManifest.xml:80:9-84:20
	android:clearTaskOnLaunch
		ADDED from src\main\AndroidManifest.xml:82:13-46
	android:screenOrientation
		ADDED from src\main\AndroidManifest.xml:83:13-50
	android:name
		ADDED from src\main\AndroidManifest.xml:81:13-77
activity#com.xctx.baidunavi.ui.activity.OfflineBaiduMapActivity
ADDED from src\main\AndroidManifest.xml:85:9-88:20
	android:screenOrientation
		ADDED from src\main\AndroidManifest.xml:87:13-50
	android:name
		ADDED from src\main\AndroidManifest.xml:86:13-82
activity#com.xctx.baidunavi.ui.activity.OfflineBaiduMapShowActivity
ADDED from src\main\AndroidManifest.xml:89:9-92:20
	android:screenOrientation
		ADDED from src\main\AndroidManifest.xml:91:13-50
	android:name
		ADDED from src\main\AndroidManifest.xml:90:13-86
activity#com.xctx.baidunavi.ui.activity.OfflineBaiduMapUpdateActivity
ADDED from src\main\AndroidManifest.xml:93:9-96:20
	android:screenOrientation
		ADDED from src\main\AndroidManifest.xml:95:13-50
	android:name
		ADDED from src\main\AndroidManifest.xml:94:13-88
activity#com.xctx.baidunavi.ui.activity.SetStarPlaceActivity
ADDED from src\main\AndroidManifest.xml:97:9-100:20
	android:screenOrientation
		ADDED from src\main\AndroidManifest.xml:99:13-50
	android:name
		ADDED from src\main\AndroidManifest.xml:98:13-79
activity#com.xctx.baidunavi.ui.activity.SetRoutePlanPreferenceActivity
ADDED from src\main\AndroidManifest.xml:101:9-104:56
	android:screenOrientation
		ADDED from src\main\AndroidManifest.xml:103:13-50
	android:theme
		ADDED from src\main\AndroidManifest.xml:104:13-53
	android:name
		ADDED from src\main\AndroidManifest.xml:102:13-89
service#com.xctx.baidunavi.service.SpeakService
ADDED from src\main\AndroidManifest.xml:106:9-75
	android:name
		ADDED from src\main\AndroidManifest.xml:106:18-72
service#com.baidu.location.f
ADDED from src\main\AndroidManifest.xml:107:9-115:19
	android:enabled
		ADDED from src\main\AndroidManifest.xml:109:13-35
	android:process
		ADDED from src\main\AndroidManifest.xml:110:13-38
	android:name
		ADDED from src\main\AndroidManifest.xml:108:13-48
intent-filter#com.baidu.location.service_v2.2
ADDED from src\main\AndroidManifest.xml:111:13-114:29
action#com.baidu.location.service_v2.2
ADDED from src\main\AndroidManifest.xml:112:17-113:26
	android:name
		ADDED from src\main\AndroidManifest.xml:112:25-71
service#com.baidu.navi.location.f
ADDED from src\main\AndroidManifest.xml:116:9-118:38
	android:enabled
		ADDED from src\main\AndroidManifest.xml:118:13-35
	android:name
		ADDED from src\main\AndroidManifest.xml:117:13-53
service#com.xctx.carlauncher.service.MusicMediaService
ADDED from src\main\AndroidManifest.xml:119:9-123:19
	android:name
		ADDED from src\main\AndroidManifest.xml:119:18-79
intent-filter#com.tchip.carlauncher.music.service.MusicMediaService
ADDED from src\main\AndroidManifest.xml:120:13-122:29
action#com.tchip.carlauncher.music.service.MusicMediaService
ADDED from src\main\AndroidManifest.xml:121:17-96
	android:name
		ADDED from src\main\AndroidManifest.xml:121:25-93